Determining if the function crc32c_value exists in the crc32c failed with the following output:
Change Dir: C:/Users/vasil/Desktop/boost_test/boost-log-example-master/boost_log_univalue_test_proj/build/CMakeFiles/CMakeTmp

Run Build Command(s):C:/PROGRA~1/MINGW-~1/X86_64~1.0-P/mingw64/bin/mingw32-make.exe cmTC_e38be/fast && C:/PROGRA~1/MINGW-~1/X86_64~1.0-P/mingw64/bin/mingw32-make.exe  -f CMakeFiles\cmTC_e38be.dir\build.make CMakeFiles/cmTC_e38be.dir/build
mingw32-make.exe[1]: Entering directory 'C:/Users/vasil/Desktop/boost_test/boost-log-example-master/boost_log_univalue_test_proj/build/CMakeFiles/CMakeTmp'
Building C object CMakeFiles/cmTC_e38be.dir/CheckFunctionExists.c.obj
C:\PROGRA~1\MINGW-~1\X86_64~1.0-P\mingw64\bin\gcc.exe   -DCHECK_FUNCTION_EXISTS=crc32c_value -std=c11 -o CMakeFiles\cmTC_e38be.dir\CheckFunctionExists.c.obj -c "C:\Program Files (x86)\CMake\share\cmake-3.18\Modules\CheckFunctionExists.c"
Linking C executable cmTC_e38be.exe
"C:\Program Files (x86)\CMake\bin\cmake.exe" -E cmake_link_script CMakeFiles\cmTC_e38be.dir\link.txt --verbose=1
"C:\Program Files (x86)\CMake\bin\cmake.exe" -E rm -f CMakeFiles\cmTC_e38be.dir/objects.a
C:\PROGRA~1\MINGW-~1\X86_64~1.0-P\mingw64\bin\ar.exe cr CMakeFiles\cmTC_e38be.dir/objects.a @CMakeFiles\cmTC_e38be.dir\objects1.rsp
C:\PROGRA~1\MINGW-~1\X86_64~1.0-P\mingw64\bin\gcc.exe  -DCHECK_FUNCTION_EXISTS=crc32c_value -Wl,--whole-archive CMakeFiles\cmTC_e38be.dir/objects.a -Wl,--no-whole-archive -o cmTC_e38be.exe -Wl,--out-implib,libcmTC_e38be.dll.a -Wl,--major-image-version,0,--minor-image-version,0 @CMakeFiles\cmTC_e38be.dir\linklibs.rsp
C:/PROGRA~1/MINGW-~1/X86_64~1.0-P/mingw64/bin/../lib/gcc/x86_64-w64-mingw32/8.1.0/../../../../x86_64-w64-mingw32/bin/ld.exe: cannot find -lcrc32c
collect2.exe: error: ld returned 1 exit status
mingw32-make.exe[1]: *** [CMakeFiles\cmTC_e38be.dir\build.make:107: cmTC_e38be.exe] Error 1
mingw32-make.exe[1]: Leaving directory 'C:/Users/vasil/Desktop/boost_test/boost-log-example-master/boost_log_univalue_test_proj/build/CMakeFiles/CMakeTmp'
mingw32-make.exe: *** [Makefile:139: cmTC_e38be/fast] Error 2



Determining if the function snappy_compress exists in the snappy failed with the following output:
Change Dir: C:/Users/vasil/Desktop/boost_test/boost-log-example-master/boost_log_univalue_test_proj/build/CMakeFiles/CMakeTmp

Run Build Command(s):C:/PROGRA~1/MINGW-~1/X86_64~1.0-P/mingw64/bin/mingw32-make.exe cmTC_5dab5/fast && C:/PROGRA~1/MINGW-~1/X86_64~1.0-P/mingw64/bin/mingw32-make.exe  -f CMakeFiles\cmTC_5dab5.dir\build.make CMakeFiles/cmTC_5dab5.dir/build
mingw32-make.exe[1]: Entering directory 'C:/Users/vasil/Desktop/boost_test/boost-log-example-master/boost_log_univalue_test_proj/build/CMakeFiles/CMakeTmp'
Building C object CMakeFiles/cmTC_5dab5.dir/CheckFunctionExists.c.obj
C:\PROGRA~1\MINGW-~1\X86_64~1.0-P\mingw64\bin\gcc.exe   -DCHECK_FUNCTION_EXISTS=snappy_compress -std=c11 -o CMakeFiles\cmTC_5dab5.dir\CheckFunctionExists.c.obj -c "C:\Program Files (x86)\CMake\share\cmake-3.18\Modules\CheckFunctionExists.c"
Linking C executable cmTC_5dab5.exe
"C:\Program Files (x86)\CMake\bin\cmake.exe" -E cmake_link_script CMakeFiles\cmTC_5dab5.dir\link.txt --verbose=1
"C:\Program Files (x86)\CMake\bin\cmake.exe" -E rm -f CMakeFiles\cmTC_5dab5.dir/objects.a
C:\PROGRA~1\MINGW-~1\X86_64~1.0-P\mingw64\bin\ar.exe cr CMakeFiles\cmTC_5dab5.dir/objects.a @CMakeFiles\cmTC_5dab5.dir\objects1.rsp
C:\PROGRA~1\MINGW-~1\X86_64~1.0-P\mingw64\bin\gcc.exe  -DCHECK_FUNCTION_EXISTS=snappy_compress -Wl,--whole-archive CMakeFiles\cmTC_5dab5.dir/objects.a -Wl,--no-whole-archive -o cmTC_5dab5.exe -Wl,--out-implib,libcmTC_5dab5.dll.a -Wl,--major-image-version,0,--minor-image-version,0 @CMakeFiles\cmTC_5dab5.dir\linklibs.rsp
C:/PROGRA~1/MINGW-~1/X86_64~1.0-P/mingw64/bin/../lib/gcc/x86_64-w64-mingw32/8.1.0/../../../../x86_64-w64-mingw32/bin/ld.exe: cannot find -lsnappy
collect2.exe: error: ld returned 1 exit status
mingw32-make.exe[1]: *** [CMakeFiles\cmTC_5dab5.dir\build.make:107: cmTC_5dab5.exe] Error 1
mingw32-make.exe[1]: Leaving directory 'C:/Users/vasil/Desktop/boost_test/boost-log-example-master/boost_log_univalue_test_proj/build/CMakeFiles/CMakeTmp'
mingw32-make.exe: *** [Makefile:139: cmTC_5dab5/fast] Error 2



Determining if the function malloc exists in the tcmalloc failed with the following output:
Change Dir: C:/Users/vasil/Desktop/boost_test/boost-log-example-master/boost_log_univalue_test_proj/build/CMakeFiles/CMakeTmp

Run Build Command(s):C:/PROGRA~1/MINGW-~1/X86_64~1.0-P/mingw64/bin/mingw32-make.exe cmTC_77831/fast && C:/PROGRA~1/MINGW-~1/X86_64~1.0-P/mingw64/bin/mingw32-make.exe  -f CMakeFiles\cmTC_77831.dir\build.make CMakeFiles/cmTC_77831.dir/build
mingw32-make.exe[1]: Entering directory 'C:/Users/vasil/Desktop/boost_test/boost-log-example-master/boost_log_univalue_test_proj/build/CMakeFiles/CMakeTmp'
Building C object CMakeFiles/cmTC_77831.dir/CheckFunctionExists.c.obj
C:\PROGRA~1\MINGW-~1\X86_64~1.0-P\mingw64\bin\gcc.exe   -DCHECK_FUNCTION_EXISTS=malloc -std=c11 -o CMakeFiles\cmTC_77831.dir\CheckFunctionExists.c.obj -c "C:\Program Files (x86)\CMake\share\cmake-3.18\Modules\CheckFunctionExists.c"
<command-line>: warning: conflicting types for built-in function 'malloc' [-Wbuiltin-declaration-mismatch]
C:\Program Files (x86)\CMake\share\cmake-3.18\Modules\CheckFunctionExists.c:7:3: note: in expansion of macro 'CHECK_FUNCTION_EXISTS'
   CHECK_FUNCTION_EXISTS(void);
   ^~~~~~~~~~~~~~~~~~~~~
Linking C executable cmTC_77831.exe
"C:\Program Files (x86)\CMake\bin\cmake.exe" -E cmake_link_script CMakeFiles\cmTC_77831.dir\link.txt --verbose=1
"C:\Program Files (x86)\CMake\bin\cmake.exe" -E rm -f CMakeFiles\cmTC_77831.dir/objects.a
C:\PROGRA~1\MINGW-~1\X86_64~1.0-P\mingw64\bin\ar.exe cr CMakeFiles\cmTC_77831.dir/objects.a @CMakeFiles\cmTC_77831.dir\objects1.rsp
C:\PROGRA~1\MINGW-~1\X86_64~1.0-P\mingw64\bin\gcc.exe  -DCHECK_FUNCTION_EXISTS=malloc -Wl,--whole-archive CMakeFiles\cmTC_77831.dir/objects.a -Wl,--no-whole-archive -o cmTC_77831.exe -Wl,--out-implib,libcmTC_77831.dll.a -Wl,--major-image-version,0,--minor-image-version,0 @CMakeFiles\cmTC_77831.dir\linklibs.rsp
C:/PROGRA~1/MINGW-~1/X86_64~1.0-P/mingw64/bin/../lib/gcc/x86_64-w64-mingw32/8.1.0/../../../../x86_64-w64-mingw32/bin/ld.exe: cannot find -ltcmalloc
collect2.exe: error: ld returned 1 exit status
mingw32-make.exe[1]: *** [CMakeFiles\cmTC_77831.dir\build.make:107: cmTC_77831.exe] Error 1
mingw32-make.exe[1]: Leaving directory 'C:/Users/vasil/Desktop/boost_test/boost-log-example-master/boost_log_univalue_test_proj/build/CMakeFiles/CMakeTmp'
mingw32-make.exe: *** [Makefile:139: cmTC_77831/fast] Error 2



Determining if the fdatasync exist failed with the following output:
Change Dir: C:/Users/vasil/Desktop/boost_test/boost-log-example-master/boost_log_univalue_test_proj/build/CMakeFiles/CMakeTmp

Run Build Command(s):C:/PROGRA~1/MINGW-~1/X86_64~1.0-P/mingw64/bin/mingw32-make.exe cmTC_e4f73/fast && C:/PROGRA~1/MINGW-~1/X86_64~1.0-P/mingw64/bin/mingw32-make.exe  -f CMakeFiles\cmTC_e4f73.dir\build.make CMakeFiles/cmTC_e4f73.dir/build
mingw32-make.exe[1]: Entering directory 'C:/Users/vasil/Desktop/boost_test/boost-log-example-master/boost_log_univalue_test_proj/build/CMakeFiles/CMakeTmp'
Building CXX object CMakeFiles/cmTC_e4f73.dir/CheckSymbolExists.cxx.obj
C:\PROGRA~1\MINGW-~1\X86_64~1.0-P\mingw64\bin\G__~1.EXE   -std=c++11 -o CMakeFiles\cmTC_e4f73.dir\CheckSymbolExists.cxx.obj -c C:\Users\vasil\Desktop\boost_test\boost-log-example-master\boost_log_univalue_test_proj\build\CMakeFiles\CMakeTmp\CheckSymbolExists.cxx
C:\Users\vasil\Desktop\boost_test\boost-log-example-master\boost_log_univalue_test_proj\build\CMakeFiles\CMakeTmp\CheckSymbolExists.cxx: In function 'int main(int, char**)':
C:\Users\vasil\Desktop\boost_test\boost-log-example-master\boost_log_univalue_test_proj\build\CMakeFiles\CMakeTmp\CheckSymbolExists.cxx:8:19: error: 'fdatasync' was not declared in this scope
   return ((int*)(&fdatasync))[argc];
                   ^~~~~~~~~
mingw32-make.exe[1]: *** [CMakeFiles\cmTC_e4f73.dir\build.make:84: CMakeFiles/cmTC_e4f73.dir/CheckSymbolExists.cxx.obj] Error 1
mingw32-make.exe[1]: Leaving directory 'C:/Users/vasil/Desktop/boost_test/boost-log-example-master/boost_log_univalue_test_proj/build/CMakeFiles/CMakeTmp'
mingw32-make.exe: *** [Makefile:139: cmTC_e4f73/fast] Error 2


File C:/Users/vasil/Desktop/boost_test/boost-log-example-master/boost_log_univalue_test_proj/build/CMakeFiles/CMakeTmp/CheckSymbolExists.cxx:
/* */
#include <unistd.h>

int main(int argc, char** argv)
{
  (void)argv;
#ifndef fdatasync
  return ((int*)(&fdatasync))[argc];
#else
  (void)argc;
  return 0;
#endif
}
Determining if the F_FULLFSYNC exist failed with the following output:
Change Dir: C:/Users/vasil/Desktop/boost_test/boost-log-example-master/boost_log_univalue_test_proj/build/CMakeFiles/CMakeTmp

Run Build Command(s):C:/PROGRA~1/MINGW-~1/X86_64~1.0-P/mingw64/bin/mingw32-make.exe cmTC_d86a6/fast && C:/PROGRA~1/MINGW-~1/X86_64~1.0-P/mingw64/bin/mingw32-make.exe  -f CMakeFiles\cmTC_d86a6.dir\build.make CMakeFiles/cmTC_d86a6.dir/build
mingw32-make.exe[1]: Entering directory 'C:/Users/vasil/Desktop/boost_test/boost-log-example-master/boost_log_univalue_test_proj/build/CMakeFiles/CMakeTmp'
Building CXX object CMakeFiles/cmTC_d86a6.dir/CheckSymbolExists.cxx.obj
C:\PROGRA~1\MINGW-~1\X86_64~1.0-P\mingw64\bin\G__~1.EXE   -std=c++11 -o CMakeFiles\cmTC_d86a6.dir\CheckSymbolExists.cxx.obj -c C:\Users\vasil\Desktop\boost_test\boost-log-example-master\boost_log_univalue_test_proj\build\CMakeFiles\CMakeTmp\CheckSymbolExists.cxx
C:\Users\vasil\Desktop\boost_test\boost-log-example-master\boost_log_univalue_test_proj\build\CMakeFiles\CMakeTmp\CheckSymbolExists.cxx: In function 'int main(int, char**)':
C:\Users\vasil\Desktop\boost_test\boost-log-example-master\boost_log_univalue_test_proj\build\CMakeFiles\CMakeTmp\CheckSymbolExists.cxx:8:19: error: 'F_FULLFSYNC' was not declared in this scope
   return ((int*)(&F_FULLFSYNC))[argc];
                   ^~~~~~~~~~~
mingw32-make.exe[1]: *** [CMakeFiles\cmTC_d86a6.dir\build.make:84: CMakeFiles/cmTC_d86a6.dir/CheckSymbolExists.cxx.obj] Error 1
mingw32-make.exe[1]: Leaving directory 'C:/Users/vasil/Desktop/boost_test/boost-log-example-master/boost_log_univalue_test_proj/build/CMakeFiles/CMakeTmp'
mingw32-make.exe: *** [Makefile:139: cmTC_d86a6/fast] Error 2


File C:/Users/vasil/Desktop/boost_test/boost-log-example-master/boost_log_univalue_test_proj/build/CMakeFiles/CMakeTmp/CheckSymbolExists.cxx:
/* */
#include <fcntl.h>

int main(int argc, char** argv)
{
  (void)argv;
#ifndef F_FULLFSYNC
  return ((int*)(&F_FULLFSYNC))[argc];
#else
  (void)argc;
  return 0;
#endif
}
Determining if the O_CLOEXEC exist failed with the following output:
Change Dir: C:/Users/vasil/Desktop/boost_test/boost-log-example-master/boost_log_univalue_test_proj/build/CMakeFiles/CMakeTmp

Run Build Command(s):C:/PROGRA~1/MINGW-~1/X86_64~1.0-P/mingw64/bin/mingw32-make.exe cmTC_57fda/fast && C:/PROGRA~1/MINGW-~1/X86_64~1.0-P/mingw64/bin/mingw32-make.exe  -f CMakeFiles\cmTC_57fda.dir\build.make CMakeFiles/cmTC_57fda.dir/build
mingw32-make.exe[1]: Entering directory 'C:/Users/vasil/Desktop/boost_test/boost-log-example-master/boost_log_univalue_test_proj/build/CMakeFiles/CMakeTmp'
Building CXX object CMakeFiles/cmTC_57fda.dir/CheckSymbolExists.cxx.obj
C:\PROGRA~1\MINGW-~1\X86_64~1.0-P\mingw64\bin\G__~1.EXE   -std=c++11 -o CMakeFiles\cmTC_57fda.dir\CheckSymbolExists.cxx.obj -c C:\Users\vasil\Desktop\boost_test\boost-log-example-master\boost_log_univalue_test_proj\build\CMakeFiles\CMakeTmp\CheckSymbolExists.cxx
C:\Users\vasil\Desktop\boost_test\boost-log-example-master\boost_log_univalue_test_proj\build\CMakeFiles\CMakeTmp\CheckSymbolExists.cxx: In function 'int main(int, char**)':
C:\Users\vasil\Desktop\boost_test\boost-log-example-master\boost_log_univalue_test_proj\build\CMakeFiles\CMakeTmp\CheckSymbolExists.cxx:8:19: error: 'O_CLOEXEC' was not declared in this scope
   return ((int*)(&O_CLOEXEC))[argc];
                   ^~~~~~~~~
mingw32-make.exe[1]: *** [CMakeFiles\cmTC_57fda.dir\build.make:84: CMakeFiles/cmTC_57fda.dir/CheckSymbolExists.cxx.obj] Error 1
mingw32-make.exe[1]: Leaving directory 'C:/Users/vasil/Desktop/boost_test/boost-log-example-master/boost_log_univalue_test_proj/build/CMakeFiles/CMakeTmp'
mingw32-make.exe: *** [Makefile:139: cmTC_57fda/fast] Error 2


File C:/Users/vasil/Desktop/boost_test/boost-log-example-master/boost_log_univalue_test_proj/build/CMakeFiles/CMakeTmp/CheckSymbolExists.cxx:
/* */
#include <fcntl.h>

int main(int argc, char** argv)
{
  (void)argv;
#ifndef O_CLOEXEC
  return ((int*)(&O_CLOEXEC))[argc];
#else
  (void)argc;
  return 0;
#endif
}
Performing C++ SOURCE FILE Test HAVE_CLANG_THREAD_SAFETY failed with the following output:
Change Dir: C:/Users/vasil/Desktop/boost_test/boost-log-example-master/boost_log_univalue_test_proj/build/CMakeFiles/CMakeTmp

Run Build Command(s):C:/PROGRA~1/MINGW-~1/X86_64~1.0-P/mingw64/bin/mingw32-make.exe cmTC_d6e4e/fast && C:/PROGRA~1/MINGW-~1/X86_64~1.0-P/mingw64/bin/mingw32-make.exe  -f CMakeFiles\cmTC_d6e4e.dir\build.make CMakeFiles/cmTC_d6e4e.dir/build
mingw32-make.exe[1]: Entering directory 'C:/Users/vasil/Desktop/boost_test/boost-log-example-master/boost_log_univalue_test_proj/build/CMakeFiles/CMakeTmp'
Building CXX object CMakeFiles/cmTC_d6e4e.dir/src.cxx.obj
C:\PROGRA~1\MINGW-~1\X86_64~1.0-P\mingw64\bin\G__~1.EXE   -fno-exceptions -fno-rtti -DHAVE_CLANG_THREAD_SAFETY   -Wthread-safety -std=c++11 -o CMakeFiles\cmTC_d6e4e.dir\src.cxx.obj -c C:\Users\vasil\Desktop\boost_test\boost-log-example-master\boost_log_univalue_test_proj\build\CMakeFiles\CMakeTmp\src.cxx
G__~1.EXE: error: unrecognized command line option '-Wthread-safety'; did you mean '-fthread-jumps'?
mingw32-make.exe[1]: *** [CMakeFiles\cmTC_d6e4e.dir\build.make:84: CMakeFiles/cmTC_d6e4e.dir/src.cxx.obj] Error 1
mingw32-make.exe[1]: Leaving directory 'C:/Users/vasil/Desktop/boost_test/boost-log-example-master/boost_log_univalue_test_proj/build/CMakeFiles/CMakeTmp'
mingw32-make.exe: *** [Makefile:139: cmTC_d6e4e/fast] Error 2


Source file was:
int main() { return 0; }
Determining if the function sqlite3_open exists in the sqlite3 failed with the following output:
Change Dir: C:/Users/vasil/Desktop/boost_test/boost-log-example-master/boost_log_univalue_test_proj/build/CMakeFiles/CMakeTmp

Run Build Command(s):C:/PROGRA~1/MINGW-~1/X86_64~1.0-P/mingw64/bin/mingw32-make.exe cmTC_35cd9/fast && C:/PROGRA~1/MINGW-~1/X86_64~1.0-P/mingw64/bin/mingw32-make.exe  -f CMakeFiles\cmTC_35cd9.dir\build.make CMakeFiles/cmTC_35cd9.dir/build
mingw32-make.exe[1]: Entering directory 'C:/Users/vasil/Desktop/boost_test/boost-log-example-master/boost_log_univalue_test_proj/build/CMakeFiles/CMakeTmp'
Building C object CMakeFiles/cmTC_35cd9.dir/CheckFunctionExists.c.obj
C:\PROGRA~1\MINGW-~1\X86_64~1.0-P\mingw64\bin\gcc.exe   -Wstrict-prototypes -DCHECK_FUNCTION_EXISTS=sqlite3_open -std=c11 -o CMakeFiles\cmTC_35cd9.dir\CheckFunctionExists.c.obj -c "C:\Program Files (x86)\CMake\share\cmake-3.18\Modules\CheckFunctionExists.c"
Linking C executable cmTC_35cd9.exe
"C:\Program Files (x86)\CMake\bin\cmake.exe" -E cmake_link_script CMakeFiles\cmTC_35cd9.dir\link.txt --verbose=1
"C:\Program Files (x86)\CMake\bin\cmake.exe" -E rm -f CMakeFiles\cmTC_35cd9.dir/objects.a
C:\PROGRA~1\MINGW-~1\X86_64~1.0-P\mingw64\bin\ar.exe cr CMakeFiles\cmTC_35cd9.dir/objects.a @CMakeFiles\cmTC_35cd9.dir\objects1.rsp
C:\PROGRA~1\MINGW-~1\X86_64~1.0-P\mingw64\bin\gcc.exe  -Wstrict-prototypes -DCHECK_FUNCTION_EXISTS=sqlite3_open -Wl,--whole-archive CMakeFiles\cmTC_35cd9.dir/objects.a -Wl,--no-whole-archive -o cmTC_35cd9.exe -Wl,--out-implib,libcmTC_35cd9.dll.a -Wl,--major-image-version,0,--minor-image-version,0 @CMakeFiles\cmTC_35cd9.dir\linklibs.rsp
C:/PROGRA~1/MINGW-~1/X86_64~1.0-P/mingw64/bin/../lib/gcc/x86_64-w64-mingw32/8.1.0/../../../../x86_64-w64-mingw32/bin/ld.exe: cannot find -lsqlite3
collect2.exe: error: ld returned 1 exit status
mingw32-make.exe[1]: *** [CMakeFiles\cmTC_35cd9.dir\build.make:107: cmTC_35cd9.exe] Error 1
mingw32-make.exe[1]: Leaving directory 'C:/Users/vasil/Desktop/boost_test/boost-log-example-master/boost_log_univalue_test_proj/build/CMakeFiles/CMakeTmp'
mingw32-make.exe: *** [Makefile:139: cmTC_35cd9/fast] Error 2



Performing C++ SOURCE FILE Test HAVE_KYOTOCABINET failed with the following output:
Change Dir: C:/Users/vasil/Desktop/boost_test/boost-log-example-master/boost_log_univalue_test_proj/build/CMakeFiles/CMakeTmp

Run Build Command(s):C:/PROGRA~1/MINGW-~1/X86_64~1.0-P/mingw64/bin/mingw32-make.exe cmTC_5b4bc/fast && C:/PROGRA~1/MINGW-~1/X86_64~1.0-P/mingw64/bin/mingw32-make.exe  -f CMakeFiles\cmTC_5b4bc.dir\build.make CMakeFiles/cmTC_5b4bc.dir/build
mingw32-make.exe[1]: Entering directory 'C:/Users/vasil/Desktop/boost_test/boost-log-example-master/boost_log_univalue_test_proj/build/CMakeFiles/CMakeTmp'
Building CXX object CMakeFiles/cmTC_5b4bc.dir/src.cxx.obj
C:\PROGRA~1\MINGW-~1\X86_64~1.0-P\mingw64\bin\G__~1.EXE   -fno-exceptions -fno-rtti -DHAVE_KYOTOCABINET -std=c++11 -o CMakeFiles\cmTC_5b4bc.dir\src.cxx.obj -c C:\Users\vasil\Desktop\boost_test\boost-log-example-master\boost_log_univalue_test_proj\build\CMakeFiles\CMakeTmp\src.cxx
C:\Users\vasil\Desktop\boost_test\boost-log-example-master\boost_log_univalue_test_proj\build\CMakeFiles\CMakeTmp\src.cxx:2:10: fatal error: kcpolydb.h: No such file or directory
 #include <kcpolydb.h>
          ^~~~~~~~~~~~
compilation terminated.
mingw32-make.exe[1]: *** [CMakeFiles\cmTC_5b4bc.dir\build.make:84: CMakeFiles/cmTC_5b4bc.dir/src.cxx.obj] Error 1
mingw32-make.exe[1]: Leaving directory 'C:/Users/vasil/Desktop/boost_test/boost-log-example-master/boost_log_univalue_test_proj/build/CMakeFiles/CMakeTmp'
mingw32-make.exe: *** [Makefile:139: cmTC_5b4bc/fast] Error 2


Source file was:

#include <kcpolydb.h>

int main() {
  kyotocabinet::TreeDB* db = new kyotocabinet::TreeDB();
  delete db;
  return 0;
}
  
